{
  "RSpec": {
    "coverage": {
      "/Users/tobydawson/Projects/Tech-Test-the-First/spec/feature/account_feature_spec.rb": {
        "lines": [
          1,
          1,
          null,
          1,
          null,
          1,
          7,
          7,
          7,
          null,
          null,
          1,
          1,
          null,
          null,
          1,
          1,
          1,
          null,
          null,
          1,
          1,
          1,
          1,
          null,
          null,
          1,
          1,
          1,
          1,
          null,
          null,
          1,
          1,
          1,
          1,
          1,
          null,
          null,
          1,
          1,
          1,
          1,
          1,
          1,
          null,
          null,
          1,
          1,
          1,
          null,
          null
        ]
      },
      "/Users/tobydawson/Projects/Tech-Test-the-First/lib/account.rb": {
        "lines": [
          1,
          null,
          1,
          null,
          1,
          12,
          null,
          12,
          12,
          null,
          null,
          1,
          18,
          18,
          null,
          null,
          1,
          12,
          12,
          12,
          12,
          12,
          12,
          null,
          null,
          1,
          6,
          6,
          6,
          6,
          6,
          6,
          null,
          null,
          1,
          18,
          18,
          18,
          null,
          null,
          1,
          0,
          0,
          null,
          null,
          null,
          null
        ]
      },
      "/Users/tobydawson/Projects/Tech-Test-the-First/lib/statement.rb": {
        "lines": [
          1,
          1,
          null,
          1,
          19,
          null,
          null,
          1,
          18,
          null,
          null,
          null
        ]
      },
      "/Users/tobydawson/Projects/Tech-Test-the-First/spec/feature/statement_feature_spec.rb": {
        "lines": [
          1
        ]
      },
      "/Users/tobydawson/Projects/Tech-Test-the-First/spec/unit/account_spec.rb": {
        "lines": [
          1,
          null,
          1,
          null,
          1,
          5,
          null,
          null,
          1,
          1,
          null,
          null,
          1,
          1,
          1,
          null,
          null,
          1,
          1,
          1,
          null,
          null,
          1,
          1,
          1,
          null,
          null,
          1,
          1,
          1,
          1,
          null,
          null
        ]
      },
      "/Users/tobydawson/Projects/Tech-Test-the-First/spec/unit/transaction_spec.rb": {
        "lines": [
          1,
          1,
          null,
          1,
          null,
          1,
          4,
          null,
          null,
          1,
          1,
          null,
          null,
          1,
          1,
          null,
          null,
          1,
          1,
          null,
          null,
          1,
          1,
          null,
          null
        ]
      },
      "/Users/tobydawson/Projects/Tech-Test-the-First/lib/transaction.rb": {
        "lines": [
          1,
          null,
          1,
          1,
          null,
          1,
          22,
          22,
          22,
          null,
          null
        ]
      }
    },
    "timestamp": 1585153311
  }
}
