{
  "RSpec": {
    "coverage": {
      "/Users/tobydawson/Projects/Tech-Test-the-First/spec/feature/account_feature_spec.rb": {
        "lines": [
          1,
          1,
          null,
          1,
          null,
          1,
          6,
          6,
          6,
          null,
          null,
          1,
          1,
          1,
          null,
          null,
          1,
          1,
          1,
          1,
          null,
          null,
          1,
          1,
          1,
          1,
          null,
          null,
          1,
          1,
          1,
          1,
          1,
          null,
          null,
          1,
          1,
          1,
          1,
          1,
          1,
          null,
          null,
          1,
          1,
          1,
          null,
          null
        ]
      },
      "/Users/tobydawson/Projects/Tech-Test-the-First/lib/account.rb": {
        "lines": [
          1,
          1,
          1,
          15,
          15,
          null,
          null,
          1,
          25,
          25,
          null,
          null,
          1,
          17,
          17,
          17,
          17,
          17,
          17,
          null,
          null,
          1,
          8,
          8,
          8,
          8,
          8,
          8,
          null,
          null,
          1,
          25,
          25,
          25,
          null,
          null,
          1,
          16,
          null,
          null
        ]
      },
      "/Users/tobydawson/Projects/Tech-Test-the-First/lib/statement.rb": {
        "lines": [
          1,
          1,
          null,
          1,
          22,
          null,
          null,
          1,
          25,
          null,
          null
        ]
      },
      "/Users/tobydawson/Projects/Tech-Test-the-First/spec/feature/statement_feature_spec.rb": {
        "lines": [
          1,
          1,
          null,
          1,
          null,
          1,
          1,
          1,
          1,
          null,
          null,
          1,
          1,
          null,
          null,
          null,
          1,
          null,
          1,
          3,
          3,
          null,
          null,
          1,
          1,
          1,
          1,
          null,
          null,
          1,
          1,
          1,
          1,
          null,
          null,
          1,
          1,
          1,
          1,
          1,
          null,
          null,
          null
        ]
      },
      "/Users/tobydawson/Projects/Tech-Test-the-First/spec/unit/account_spec.rb": {
        "lines": [
          1,
          null,
          1,
          null,
          1,
          5,
          null,
          null,
          1,
          1,
          null,
          null,
          1,
          1,
          1,
          null,
          null,
          1,
          1,
          1,
          null,
          null,
          1,
          1,
          1,
          null,
          null,
          1,
          1,
          1,
          1,
          null,
          null
        ]
      },
      "/Users/tobydawson/Projects/Tech-Test-the-First/spec/unit/transaction_spec.rb": {
        "lines": [
          1,
          1,
          null,
          1,
          null,
          1,
          4,
          null,
          null,
          1,
          1,
          null,
          null,
          1,
          1,
          null,
          null,
          1,
          1,
          null,
          null,
          1,
          1,
          null,
          null
        ]
      },
      "/Users/tobydawson/Projects/Tech-Test-the-First/lib/transaction.rb": {
        "lines": [
          1,
          null,
          1,
          1,
          null,
          1,
          29,
          29,
          29,
          null,
          null
        ]
      }
    },
    "timestamp": 1585215992
  }
}
